* using log directory ‘/Volumes/Seagate Backup Plus Drive/IMPORTANT/Effector_pipeline/Package/effectR/effectR.Rcheck’
* using R version 3.5.0 (2018-04-23)
* using platform: x86_64-apple-darwin15.6.0 (64-bit)
* using session charset: UTF-8
* using option ‘--as-cran’
* checking for file ‘effectR/DESCRIPTION’ ... OK
* this is package ‘effectR’ version ‘1.0.2’
* package encoding: UTF-8
* checking CRAN incoming feasibility ... Note_to_CRAN_maintainers
Maintainer: ‘Javier Tabima <tabimaj@oregonstate.edu>’
* checking package namespace information ... OK
* checking package dependencies ... OK
* checking if this is a source package ... OK
* checking if there is a namespace ... OK
* checking for executable files ... OK
* checking for hidden files and directories ... OK
* checking for portable file names ... OK
* checking for sufficient/correct file permissions ... OK
* checking serialization versions ... OK
* checking whether package ‘effectR’ can be installed ... ERROR
Installation failed.
See ‘/Volumes/Seagate Backup Plus Drive/IMPORTANT/Effector_pipeline/Package/effectR/effectR.Rcheck/00install.out’ for details.
* DONE
Status: 1 ERROR
